<?xml version="1.0" encoding="UTF-8"?>
<!-- Generated by org.testng.reporters.JUnitXMLReporter -->
<testsuite hostname="SURPRISE-DE414" name="Command line test" tests="4" failures="0" timestamp="25 Nov 2018 19:46:27 GMT" time="8.184" errors="0">
  <testcase name="verifyThatRetrieverBreedDogExists" time="4.496" classname="CIB_DIGITAL_TECH.CheckRetrieverBreedIsInListTest"/>
  <testcase name="listAllBreedDogs" time="0.965" classname="CIB_DIGITAL_TECH.ListAllBreedDogsTest"/>
  <testcase name="getSubBreedsOfRetrieverDog" time="1.188" classname="CIB_DIGITAL_TECH.ListSubBreedsForRetrieverTest"/>
  <testcase name="getGoldenSubBreedDog" time="0.905" classname="CIB_DIGITAL_TECH.ProduceAGoldenSubBreedDogImageTest"/>
</testsuite> <!-- Command line test -->
