<?xml version="1.0" encoding="UTF-8"?>
<testng-results skipped="0" failed="0" ignored="0" total="2" passed="2">
  <reporter-output>
  </reporter-output>
  <suite name="Default suite" duration-ms="24049" started-at="2021-02-12T11:13:43Z" finished-at="2021-02-12T11:14:07Z">
    <groups>
    </groups>
    <test name="Default test" duration-ms="24049" started-at="2021-02-12T11:13:43Z" finished-at="2021-02-12T11:14:07Z">
      <class name="CIB_DIGITAL_TECH.UserListTableWebTest">
        <test-method status="PASS" signature="initialize()[pri:0, instance:CIB_DIGITAL_TECH.UserListTableWebTest@464bee09]" name="initialize" is-config="true" duration-ms="4624" started-at="2021-02-12T11:13:43Z" finished-at="2021-02-12T11:13:47Z">
          <reporter-output>
          </reporter-output>
        </test-method> <!-- initialize -->
        <test-method status="PASS" signature="testUserListTable(java.lang.String, java.lang.String, java.lang.String, java.lang.String, java.lang.String, java.lang.String, java.lang.String, java.lang.String)[pri:0, instance:CIB_DIGITAL_TECH.UserListTableWebTest@464bee09]" name="testUserListTable" duration-ms="17689" started-at="2021-02-12T11:13:47Z" data-provider="getData" finished-at="2021-02-12T11:14:05Z">
          <params>
            <param index="0">
              <value>
                <![CDATA[FName1]]>
              </value>
            </param>
            <param index="1">
              <value>
                <![CDATA[LName1]]>
              </value>
            </param>
            <param index="2">
              <value>
                <![CDATA[User1]]>
              </value>
            </param>
            <param index="3">
              <value>
                <![CDATA[Pass1]]>
              </value>
            </param>
            <param index="4">
              <value>
                <![CDATA[Company AAA]]>
              </value>
            </param>
            <param index="5">
              <value>
                <![CDATA[Admin]]>
              </value>
            </param>
            <param index="6">
              <value>
                <![CDATA[admin@mail.com]]>
              </value>
            </param>
            <param index="7">
              <value>
                <![CDATA[082555]]>
              </value>
            </param>
          </params>
          <reporter-output>
          </reporter-output>
        </test-method> <!-- testUserListTable -->
        <test-method status="PASS" signature="testUserListTable(java.lang.String, java.lang.String, java.lang.String, java.lang.String, java.lang.String, java.lang.String, java.lang.String, java.lang.String)[pri:0, instance:CIB_DIGITAL_TECH.UserListTableWebTest@464bee09]" name="testUserListTable" duration-ms="1694" started-at="2021-02-12T11:14:05Z" data-provider="getData" finished-at="2021-02-12T11:14:07Z">
          <params>
            <param index="0">
              <value>
                <![CDATA[FName2]]>
              </value>
            </param>
            <param index="1">
              <value>
                <![CDATA[LName2]]>
              </value>
            </param>
            <param index="2">
              <value>
                <![CDATA[User2]]>
              </value>
            </param>
            <param index="3">
              <value>
                <![CDATA[Pass2]]>
              </value>
            </param>
            <param index="4">
              <value>
                <![CDATA[Company BBB]]>
              </value>
            </param>
            <param index="5">
              <value>
                <![CDATA[Customer]]>
              </value>
            </param>
            <param index="6">
              <value>
                <![CDATA[customer@mail.com]]>
              </value>
            </param>
            <param index="7">
              <value>
                <![CDATA[083444]]>
              </value>
            </param>
          </params>
          <reporter-output>
          </reporter-output>
        </test-method> <!-- testUserListTable -->
      </class> <!-- CIB_DIGITAL_TECH.UserListTableWebTest -->
    </test> <!-- Default test -->
  </suite> <!-- Default suite -->
</testng-results>
