<?xml version="1.0" encoding="UTF-8"?>
<!-- Generated by org.testng.reporters.JUnitXMLReporter -->
<testsuite hostname="LAPTOP-4TNPC4AC" name="Test" tests="4" failures="0" timestamp="12 Feb 2021 09:19:14 GMT" time="7.785" errors="0">
  <testcase name="listAllBreedDogs" time="2.762" classname="CIB_DIGITAL_TECH.ListAllBreedDogsTest"/>
  <testcase name="getSubBreedsOfRetrieverDog" time="1.863" classname="CIB_DIGITAL_TECH.ListSubBreedsForRetrieverTest"/>
  <testcase name="verifyThatRetrieverBreedDogExists" time="1.596" classname="CIB_DIGITAL_TECH.CheckRetrieverBreedIsInListTest"/>
  <testcase name="getGoldenSubBreedDog" time="1.208" classname="CIB_DIGITAL_TECH.ProduceAGoldenSubBreedDogImageTest"/>
</testsuite> <!-- Test -->
