<?xml version="1.0" encoding="UTF-8"?>
<!-- Generated by org.testng.reporters.JUnitXMLReporter -->
<testsuite hostname="SURPRISE-DE414" name="Test" tests="4" failures="0" timestamp="25 Nov 2018 20:42:25 GMT" time="8.613" errors="0">
  <testcase name="listAllBreedDogs" time="3.676" classname="CIB_DIGITAL_TECH.ListAllBreedDogsTest"/>
  <testcase name="getSubBreedsOfRetrieverDog" time="1.947" classname="CIB_DIGITAL_TECH.ListSubBreedsForRetrieverTest"/>
  <testcase name="verifyThatRetrieverBreedDogExists" time="1.265" classname="CIB_DIGITAL_TECH.CheckRetrieverBreedIsInListTest"/>
  <testcase name="getGoldenSubBreedDog" time="0.996" classname="CIB_DIGITAL_TECH.ProduceAGoldenSubBreedDogImageTest"/>
</testsuite> <!-- Test -->
